{"error":"","level":"error","message":"Redis connection error","timestamp":"2024-12-13T15:15:43.155Z"}
{"error":"Could not connect to any servers in your MongoDB Atlas cluster. One common reason is that you're trying to access the database from an IP that isn't whitelisted. Make sure your current IP address is on your Atlas cluster's IP whitelist: https://www.mongodb.com/docs/atlas/security-whitelist/","level":"error","message":"MongoDB connection error","timestamp":"2024-12-13T15:17:40.255Z"}
{"error":"Operation `users.insertOne()` buffering timed out after 10000ms","level":"error","message":"Error creating user","timestamp":"2024-12-13T15:31:09.334Z"}
{"error":"Could not connect to any servers in your MongoDB Atlas cluster. One common reason is that you're trying to access the database from an IP that isn't whitelisted. Make sure your current IP address is on your Atlas cluster's IP whitelist: https://www.mongodb.com/docs/atlas/security-whitelist/","level":"error","message":"MongoDB connection error","timestamp":"2024-12-13T15:31:16.088Z"}
{"error":"getaddrinfo ENOTFOUND redis","level":"error","message":"Redis connection error","timestamp":"2024-12-13T21:33:23.739Z"}
{"error":"getaddrinfo ENOTFOUND redis","level":"error","message":"Redis connection error","timestamp":"2024-12-13T21:51:01.060Z"}
{"error":"E11000 duplicate key error collection: test.users index: email_1 dup key: { email: \"abre.sueda@gmail.com\" }","level":"error","message":"Error creating user","timestamp":"2024-12-13T22:51:57.204Z"}
{"error":"E11000 duplicate key error collection: test.users index: email_1 dup key: { email: \"abre.sueda@gmail.com\" }","level":"error","message":"Error creating user","timestamp":"2024-12-13T22:52:17.302Z"}
{"error":"Product validation failed: name: Path `name` is required.","level":"error","message":"Error creating product","stack":"ValidationError: Product validation failed: name: Path `name` is required.\n    at Document.invalidate (/Users/abresuedaozmen/FinalCase-newmind/backend/node_modules/mongoose/lib/document.js:3318:32)\n    at /Users/abresuedaozmen/FinalCase-newmind/backend/node_modules/mongoose/lib/document.js:3079:17\n    at /Users/abresuedaozmen/FinalCase-newmind/backend/node_modules/mongoose/lib/schemaType.js:1388:9\n    at process.processTicksAndRejections (node:internal/process/task_queues:77:11)","timestamp":"2024-12-13T22:52:49.385Z"}
{"error":"Product validation failed: name: Path `name` is required.","level":"error","message":"Error creating product","stack":"ValidationError: Product validation failed: name: Path `name` is required.\n    at Document.invalidate (/Users/abresuedaozmen/FinalCase-newmind/backend/node_modules/mongoose/lib/document.js:3318:32)\n    at /Users/abresuedaozmen/FinalCase-newmind/backend/node_modules/mongoose/lib/document.js:3079:17\n    at /Users/abresuedaozmen/FinalCase-newmind/backend/node_modules/mongoose/lib/schemaType.js:1388:9\n    at process.processTicksAndRejections (node:internal/process/task_queues:77:11)","timestamp":"2024-12-13T22:58:45.445Z"}
{"error":"","level":"error","message":"Redis connection error","timestamp":"2024-12-14T15:03:48.625Z"}
{"error":"Product validation failed: name: Path `name` is required.","level":"error","message":"Error creating product","stack":"ValidationError: Product validation failed: name: Path `name` is required.\n    at Document.invalidate (/Users/abresuedaozmen/FinalCase-newmind/backend/node_modules/mongoose/lib/document.js:3318:32)\n    at /Users/abresuedaozmen/FinalCase-newmind/backend/node_modules/mongoose/lib/document.js:3079:17\n    at /Users/abresuedaozmen/FinalCase-newmind/backend/node_modules/mongoose/lib/schemaType.js:1388:9\n    at process.processTicksAndRejections (node:internal/process/task_queues:77:11)","timestamp":"2024-12-14T15:04:37.474Z"}
{"error":"Product validation failed: name: Path `name` is required.","level":"error","message":"Error creating product","stack":"ValidationError: Product validation failed: name: Path `name` is required.\n    at Document.invalidate (/Users/abresuedaozmen/FinalCase-newmind/backend/node_modules/mongoose/lib/document.js:3318:32)\n    at /Users/abresuedaozmen/FinalCase-newmind/backend/node_modules/mongoose/lib/document.js:3079:17\n    at /Users/abresuedaozmen/FinalCase-newmind/backend/node_modules/mongoose/lib/schemaType.js:1388:9\n    at process.processTicksAndRejections (node:internal/process/task_queues:77:11)","timestamp":"2024-12-14T15:11:13.549Z"}
{"error":"Product validation failed: name: Path `name` is required.","level":"error","message":"Error creating product","stack":"ValidationError: Product validation failed: name: Path `name` is required.\n    at Document.invalidate (/Users/abresuedaozmen/FinalCase-newmind/backend/node_modules/mongoose/lib/document.js:3318:32)\n    at /Users/abresuedaozmen/FinalCase-newmind/backend/node_modules/mongoose/lib/document.js:3079:17\n    at /Users/abresuedaozmen/FinalCase-newmind/backend/node_modules/mongoose/lib/schemaType.js:1388:9\n    at process.processTicksAndRejections (node:internal/process/task_queues:77:11)","timestamp":"2024-12-14T15:11:58.376Z"}
{"error":"Product validation failed: name: Path `name` is required.","level":"error","message":"Error creating product","stack":"ValidationError: Product validation failed: name: Path `name` is required.\n    at Document.invalidate (/Users/abresuedaozmen/FinalCase-newmind/backend/node_modules/mongoose/lib/document.js:3318:32)\n    at /Users/abresuedaozmen/FinalCase-newmind/backend/node_modules/mongoose/lib/document.js:3079:17\n    at /Users/abresuedaozmen/FinalCase-newmind/backend/node_modules/mongoose/lib/schemaType.js:1388:9\n    at process.processTicksAndRejections (node:internal/process/task_queues:77:11)","timestamp":"2024-12-14T15:12:09.704Z"}
{"error":"Product validation failed: name: Path `name` is required.","level":"error","message":"Error creating product","stack":"ValidationError: Product validation failed: name: Path `name` is required.\n    at Document.invalidate (/Users/abresuedaozmen/FinalCase-newmind/backend/node_modules/mongoose/lib/document.js:3318:32)\n    at /Users/abresuedaozmen/FinalCase-newmind/backend/node_modules/mongoose/lib/document.js:3079:17\n    at /Users/abresuedaozmen/FinalCase-newmind/backend/node_modules/mongoose/lib/schemaType.js:1388:9\n    at process.processTicksAndRejections (node:internal/process/task_queues:77:11)","timestamp":"2024-12-14T15:14:17.100Z"}
{"error":"Product validation failed: name: Path `name` is required.","level":"error","message":"Error creating product","stack":"ValidationError: Product validation failed: name: Path `name` is required.\n    at Document.invalidate (/Users/abresuedaozmen/FinalCase-newmind/backend/node_modules/mongoose/lib/document.js:3318:32)\n    at /Users/abresuedaozmen/FinalCase-newmind/backend/node_modules/mongoose/lib/document.js:3079:17\n    at /Users/abresuedaozmen/FinalCase-newmind/backend/node_modules/mongoose/lib/schemaType.js:1388:9\n    at process.processTicksAndRejections (node:internal/process/task_queues:77:11)","timestamp":"2024-12-14T15:34:52.954Z"}
{"error":"id is not defined","level":"error","message":"Controller Error","timestamp":"2024-12-14T16:04:39.533Z"}
{"error":"id is not defined","level":"error","message":"Controller Error","timestamp":"2024-12-14T16:06:02.180Z"}
{"error":"E11000 duplicate key error collection: test.users index: email_1 dup key: { email: \"abre.suedaozmen@gmail.com\" }","level":"error","message":"Error creating user","timestamp":"2024-12-14T17:59:23.231Z"}
{"error":"E11000 duplicate key error collection: test.users index: email_1 dup key: { email: \"abre.suedaozmen@gmail.com\" }","level":"error","message":"Error creating user","timestamp":"2024-12-14T19:30:29.449Z"}
{"error":"error is not defined","level":"error","message":"Error during user registration","timestamp":"2024-12-14T19:37:23.756Z"}
{"email":"abre.suedaozmen@gmail.com","level":"error","message":"Duplicate key error - Email already exists","timestamp":"2024-12-14T19:38:18.526Z"}
{"error":"res is not defined","level":"error","message":"Error during user registration","timestamp":"2024-12-14T19:38:18.527Z"}
{"email":"abre.suedaozmen@gmail.com","level":"error","message":"Duplicate key error - Email already exists","timestamp":"2024-12-14T19:56:39.408Z"}
{"error":"res is not defined","level":"error","message":"Error during user registration","timestamp":"2024-12-14T19:56:39.409Z"}
{"email":"abre.suedaozmen11@gmail.com","level":"error","message":"Duplicate key error - Email already exists","timestamp":"2024-12-14T19:58:08.000Z"}
{"error":"res is not defined","level":"error","message":"Error during user registration","timestamp":"2024-12-14T19:58:08.002Z"}
{"error":"user validation failed: username: Path `username` is required.","level":"error","message":"Error creating user","timestamp":"2024-12-14T19:58:27.818Z"}
{"error":"res is not defined","level":"error","message":"Error during user registration","timestamp":"2024-12-14T19:58:27.818Z"}
{"error":"user validation failed: email: Path `email` is required.","level":"error","message":"Error creating user","timestamp":"2024-12-14T19:58:42.702Z"}
{"error":"res is not defined","level":"error","message":"Error during user registration","timestamp":"2024-12-14T19:58:42.702Z"}
{"error":"user validation failed: email: Please use a valid email address","level":"error","message":"Error creating user","timestamp":"2024-12-14T19:59:45.952Z"}
{"error":"res is not defined","level":"error","message":"Error during user registration","timestamp":"2024-12-14T19:59:45.952Z"}
{"email":"eliz@gmail.com","level":"error","message":"Duplicate key error - Email already exists","timestamp":"2024-12-14T20:03:58.571Z"}
{"error":"res is not defined","level":"error","message":"Error during user registration","timestamp":"2024-12-14T20:03:58.572Z"}
{"level":"error","message":"Error during login attempt for email: abre.sueda@gmail.com - res is not defined","timestamp":"2024-12-14T20:15:02.913Z"}
{"level":"error","message":"Error during login attempt for email: abre.sueda@gmail.com - 4078F4E601000000:error:0A000438:SSL routines:ssl3_read_bytes:tlsv1 alert internal error:../deps/openssl/openssl/ssl/record/rec_layer_s3.c:1590:SSL alert number 80\n","timestamp":"2024-12-15T13:41:06.268Z"}
{"error":"An error occurred during login","level":"error","message":"Error during user login","timestamp":"2024-12-15T13:41:06.270Z"}
{"level":"error","message":"Error during login attempt for email: abre.sueda@gmail.com - 4078F4E601000000:error:0A000438:SSL routines:ssl3_read_bytes:tlsv1 alert internal error:../deps/openssl/openssl/ssl/record/rec_layer_s3.c:1590:SSL alert number 80\n","timestamp":"2024-12-15T13:41:43.400Z"}
{"error":"An error occurred during login","level":"error","message":"Error during user login","timestamp":"2024-12-15T13:41:43.402Z"}
{"level":"error","message":"Error during login attempt for email: abre.sueda@gmail.com - 4078F4E601000000:error:0A000438:SSL routines:ssl3_read_bytes:tlsv1 alert internal error:../deps/openssl/openssl/ssl/record/rec_layer_s3.c:1590:SSL alert number 80\n","timestamp":"2024-12-15T13:42:25.762Z"}
{"error":"An error occurred during login","level":"error","message":"Error during user login","timestamp":"2024-12-15T13:42:25.762Z"}
{"level":"error","message":"Error during login attempt for email: yusuf@gmail.com - 4078F4E601000000:error:0A000438:SSL routines:ssl3_read_bytes:tlsv1 alert internal error:../deps/openssl/openssl/ssl/record/rec_layer_s3.c:1590:SSL alert number 80\n","timestamp":"2024-12-15T13:44:31.331Z"}
{"error":"An error occurred during login","level":"error","message":"Error during user login","timestamp":"2024-12-15T13:44:31.332Z"}
{"level":"error","message":"Error during login attempt for email: yusuf@gmail.com - 4078F4E601000000:error:0A000438:SSL routines:ssl3_read_bytes:tlsv1 alert internal error:../deps/openssl/openssl/ssl/record/rec_layer_s3.c:1590:SSL alert number 80\n","timestamp":"2024-12-15T13:46:11.304Z"}
{"error":"An error occurred during login","level":"error","message":"Error during user login","timestamp":"2024-12-15T13:46:11.305Z"}
{"error":"4078F4E601000000:error:0A000438:SSL routines:ssl3_read_bytes:tlsv1 alert internal error:../deps/openssl/openssl/ssl/record/rec_layer_s3.c:1590:SSL alert number 80\n","level":"error","message":"Error creating user","timestamp":"2024-12-15T13:46:45.195Z"}
{"error":"res is not defined","level":"error","message":"Error during user registration","timestamp":"2024-12-15T13:46:45.196Z"}
{"error":"4078F4E601000000:error:0A000438:SSL routines:ssl3_read_bytes:tlsv1 alert internal error:../deps/openssl/openssl/ssl/record/rec_layer_s3.c:1590:SSL alert number 80\n","level":"error","message":"Error creating user","timestamp":"2024-12-15T13:49:22.429Z"}
{"error":"res is not defined","level":"error","message":"Error during user registration","timestamp":"2024-12-15T13:49:22.429Z"}
{"error":"4078F4E601000000:error:0A000438:SSL routines:ssl3_read_bytes:tlsv1 alert internal error:../deps/openssl/openssl/ssl/record/rec_layer_s3.c:1590:SSL alert number 80\n","level":"error","message":"Error creating user","timestamp":"2024-12-15T13:54:01.545Z"}
{"error":"res is not defined","level":"error","message":"Error during user registration","timestamp":"2024-12-15T13:54:01.545Z"}
{"error":"4078F4E601000000:error:0A000438:SSL routines:ssl3_read_bytes:tlsv1 alert internal error:../deps/openssl/openssl/ssl/record/rec_layer_s3.c:1590:SSL alert number 80\n","level":"error","message":"Error creating user","timestamp":"2024-12-15T13:54:52.842Z"}
{"error":"res is not defined","level":"error","message":"Error during user registration","timestamp":"2024-12-15T13:54:52.843Z"}
{"error":"4078F4E601000000:error:0A000438:SSL routines:ssl3_read_bytes:tlsv1 alert internal error:../deps/openssl/openssl/ssl/record/rec_layer_s3.c:1590:SSL alert number 80\n","level":"error","message":"Error creating user","timestamp":"2024-12-15T13:57:58.381Z"}
{"error":"res is not defined","level":"error","message":"Error during user registration","timestamp":"2024-12-15T13:57:58.381Z"}
{"error":"4078F4E601000000:error:0A000438:SSL routines:ssl3_read_bytes:tlsv1 alert internal error:../deps/openssl/openssl/ssl/record/rec_layer_s3.c:1590:SSL alert number 80\n","level":"error","message":"Error creating user","timestamp":"2024-12-15T14:02:33.942Z"}
{"error":"res is not defined","level":"error","message":"Error during user registration","timestamp":"2024-12-15T14:02:33.943Z"}
{"error":"4078F4E601000000:error:0A000438:SSL routines:ssl3_read_bytes:tlsv1 alert internal error:../deps/openssl/openssl/ssl/record/rec_layer_s3.c:1590:SSL alert number 80\n","level":"error","message":"Error creating user","timestamp":"2024-12-15T14:02:51.712Z"}
{"error":"res is not defined","level":"error","message":"Error during user registration","timestamp":"2024-12-15T14:02:51.713Z"}
{"error":"4078F4E601000000:error:0A000438:SSL routines:ssl3_read_bytes:tlsv1 alert internal error:../deps/openssl/openssl/ssl/record/rec_layer_s3.c:1590:SSL alert number 80\n","level":"error","message":"Error creating user","timestamp":"2024-12-15T14:03:29.618Z"}
{"error":"res is not defined","level":"error","message":"Error during user registration","timestamp":"2024-12-15T14:03:29.619Z"}
{"error":"Operation `users.insertOne()` buffering timed out after 10000ms","level":"error","message":"Error creating user","timestamp":"2024-12-15T14:06:32.321Z"}
{"error":"res is not defined","level":"error","message":"Error during user registration","timestamp":"2024-12-15T14:06:32.322Z"}
{"error":"Could not connect to any servers in your MongoDB Atlas cluster. One common reason is that you're trying to access the database from an IP that isn't whitelisted. Make sure your current IP address is on your Atlas cluster's IP whitelist: https://www.mongodb.com/docs/atlas/security-whitelist/","level":"error","message":"MongoDB connection error","timestamp":"2024-12-15T14:06:34.754Z"}
{"email":"yusuf@gmail.com","level":"error","message":"Duplicate key error - Email already exists","timestamp":"2024-12-16T23:39:21.352Z"}
{"error":"res is not defined","level":"error","message":"Error during user registration","timestamp":"2024-12-16T23:39:21.353Z"}
{"email":"yusuf@gmail.com","level":"error","message":"Duplicate key error - Email already exists","timestamp":"2024-12-16T23:39:54.282Z"}
{"error":"res is not defined","level":"error","message":"Error during user registration","timestamp":"2024-12-16T23:39:54.282Z"}
{"email":"abre.sueda@gmail.com","level":"error","message":"Duplicate key error - Email already exists","timestamp":"2024-12-17T00:22:17.868Z"}
{"error":"res is not defined","level":"error","message":"Error during user registration","timestamp":"2024-12-17T00:22:17.869Z"}
{"email":"asli@gmail.com","level":"error","message":"Duplicate key error - Email already exists","timestamp":"2024-12-17T00:36:49.876Z"}
{"error":"res is not defined","level":"error","message":"Error during user registration","timestamp":"2024-12-17T00:36:49.877Z"}
{"email":"abre.sueda@gmail.com","level":"error","message":"Duplicate key error - Email already exists","timestamp":"2024-12-17T00:37:55.440Z"}
{"error":"res is not defined","level":"error","message":"Error during user registration","timestamp":"2024-12-17T00:37:55.441Z"}
{"email":"abre.sueda@gmail.com","level":"error","message":"Duplicate key error - Email already exists","timestamp":"2024-12-17T00:47:00.087Z"}
{"email":"abre.sueda@gmail.com","level":"error","message":"Duplicate key error - Email already exists","timestamp":"2024-12-17T00:53:40.303Z"}
{"email":"abre.sueda@gmail.com","level":"error","message":"Duplicate key error - Email already exists","timestamp":"2024-12-17T01:02:04.608Z"}
{"email":"abre.sueda@gmail.com","level":"error","message":"Duplicate key error - Email already exists","timestamp":"2024-12-17T01:02:14.988Z"}
{"error":"Invalid status code: undefined","level":"error","message":"Error during user registration","timestamp":"2024-12-17T01:02:47.036Z"}
{"email":"elif@gmail.com","level":"error","message":"Duplicate key error - Email already exists","timestamp":"2024-12-17T01:11:24.362Z"}
{"email":"elif123@gmail.com","level":"error","message":"Duplicate key error - Email already exists","timestamp":"2024-12-17T01:18:51.635Z"}
{"email":"asli@gmail.com","level":"error","message":"Duplicate key error - Email already exists","timestamp":"2024-12-17T18:40:42.847Z"}
{"error":"req is not defined","level":"error","message":"Error fetching user","timestamp":"2024-12-17T19:24:38.710Z"}
{"error":"req is not defined","level":"error","message":"Error fetching user","timestamp":"2024-12-17T19:25:12.026Z"}
{"error":"Cannot read properties of undefined (reading 'status')","level":"error","message":"Error fetching user","timestamp":"2024-12-17T19:33:09.615Z"}
{"error":"Cannot read properties of undefined (reading 'status')","level":"error","message":"Error fetching user","timestamp":"2024-12-17T19:37:36.883Z"}
{"error":"Cast to ObjectId failed for value \"null\" (type string) at path \"_id\" for model \"user\"","level":"error","message":"Error fetching user","timestamp":"2024-12-17T19:50:55.710Z"}
{"error":"Cast to ObjectId failed for value \"null\" (type string) at path \"_id\" for model \"user\"","level":"error","message":"Error fetching user","timestamp":"2024-12-17T19:50:57.296Z"}
{"error":"Cast to ObjectId failed for value \"undefined\" (type string) at path \"_id\" for model \"user\"","level":"error","message":"Error fetching user","timestamp":"2024-12-17T20:00:55.008Z"}
{"error":"Cast to ObjectId failed for value \"undefined\" (type string) at path \"_id\" for model \"user\"","level":"error","message":"Error fetching user","timestamp":"2024-12-17T20:15:31.241Z"}
{"error":"invalid signature","level":"error","message":"Token verification error","timestamp":"2024-12-18T00:16:48.808Z"}
{"error":"Could not connect to any servers in your MongoDB Atlas cluster. One common reason is that you're trying to access the database from an IP that isn't whitelisted. Make sure your current IP address is on your Atlas cluster's IP whitelist: https://www.mongodb.com/docs/atlas/security-whitelist/","level":"error","message":"MongoDB connection error","timestamp":"2024-12-19T12:28:12.088Z"}
{"error":"res is not defined","level":"error","message":"Error updating user","requestBody":{"email":"yusuf@gmail.com","id":"","password":"yusuf123"},"stack":"ReferenceError: res is not defined\n    at Object.updateUser (/Users/abresuedaozmen/FinalCase-newmind/backend/services/user.js:69:5)\n    at updateUser (/Users/abresuedaozmen/FinalCase-newmind/backend/controllers/user.js:47:42)\n    at Layer.handle [as handle_request] (/Users/abresuedaozmen/FinalCase-newmind/backend/node_modules/express/lib/router/layer.js:95:5)\n    at next (/Users/abresuedaozmen/FinalCase-newmind/backend/node_modules/express/lib/router/route.js:149:13)\n    at Route.dispatch (/Users/abresuedaozmen/FinalCase-newmind/backend/node_modules/express/lib/router/route.js:119:3)\n    at Layer.handle [as handle_request] (/Users/abresuedaozmen/FinalCase-newmind/backend/node_modules/express/lib/router/layer.js:95:5)\n    at /Users/abresuedaozmen/FinalCase-newmind/backend/node_modules/express/lib/router/index.js:284:15\n    at Function.process_params (/Users/abresuedaozmen/FinalCase-newmind/backend/node_modules/express/lib/router/index.js:346:12)\n    at next (/Users/abresuedaozmen/FinalCase-newmind/backend/node_modules/express/lib/router/index.js:280:10)\n    at Function.handle (/Users/abresuedaozmen/FinalCase-newmind/backend/node_modules/express/lib/router/index.js:175:3)","timestamp":"2024-12-20T01:33:39.540Z"}
{"error":"res is not defined","level":"error","message":"Error updating user","requestBody":{"email":"yusuf111@gmail.com","id":"","password":"yusuf123"},"stack":"ReferenceError: res is not defined\n    at Object.updateUser (/Users/abresuedaozmen/FinalCase-newmind/backend/services/user.js:69:5)\n    at updateUser (/Users/abresuedaozmen/FinalCase-newmind/backend/controllers/user.js:47:42)\n    at Layer.handle [as handle_request] (/Users/abresuedaozmen/FinalCase-newmind/backend/node_modules/express/lib/router/layer.js:95:5)\n    at next (/Users/abresuedaozmen/FinalCase-newmind/backend/node_modules/express/lib/router/route.js:149:13)\n    at Route.dispatch (/Users/abresuedaozmen/FinalCase-newmind/backend/node_modules/express/lib/router/route.js:119:3)\n    at Layer.handle [as handle_request] (/Users/abresuedaozmen/FinalCase-newmind/backend/node_modules/express/lib/router/layer.js:95:5)\n    at /Users/abresuedaozmen/FinalCase-newmind/backend/node_modules/express/lib/router/index.js:284:15\n    at Function.process_params (/Users/abresuedaozmen/FinalCase-newmind/backend/node_modules/express/lib/router/index.js:346:12)\n    at next (/Users/abresuedaozmen/FinalCase-newmind/backend/node_modules/express/lib/router/index.js:280:10)\n    at Function.handle (/Users/abresuedaozmen/FinalCase-newmind/backend/node_modules/express/lib/router/index.js:175:3)","timestamp":"2024-12-20T01:33:45.515Z"}
{"error":"res is not defined","level":"error","message":"Error updating user","requestBody":{"email":"yusuf111@gmail.com","id":"","password":"yusuf123"},"stack":"ReferenceError: res is not defined\n    at Object.updateUser (/Users/abresuedaozmen/FinalCase-newmind/backend/services/user.js:69:5)\n    at updateUser (/Users/abresuedaozmen/FinalCase-newmind/backend/controllers/user.js:47:42)\n    at Layer.handle [as handle_request] (/Users/abresuedaozmen/FinalCase-newmind/backend/node_modules/express/lib/router/layer.js:95:5)\n    at next (/Users/abresuedaozmen/FinalCase-newmind/backend/node_modules/express/lib/router/route.js:149:13)\n    at Route.dispatch (/Users/abresuedaozmen/FinalCase-newmind/backend/node_modules/express/lib/router/route.js:119:3)\n    at Layer.handle [as handle_request] (/Users/abresuedaozmen/FinalCase-newmind/backend/node_modules/express/lib/router/layer.js:95:5)\n    at /Users/abresuedaozmen/FinalCase-newmind/backend/node_modules/express/lib/router/index.js:284:15\n    at Function.process_params (/Users/abresuedaozmen/FinalCase-newmind/backend/node_modules/express/lib/router/index.js:346:12)\n    at next (/Users/abresuedaozmen/FinalCase-newmind/backend/node_modules/express/lib/router/index.js:280:10)\n    at Function.handle (/Users/abresuedaozmen/FinalCase-newmind/backend/node_modules/express/lib/router/index.js:175:3)","timestamp":"2024-12-20T01:39:48.678Z"}
{"error":"res is not defined","level":"error","message":"Error updating user","requestBody":{"email":"yusuf@gmail.com","id":"","password":"yusuf"},"stack":"ReferenceError: res is not defined\n    at Object.updateUser (/Users/abresuedaozmen/FinalCase-newmind/backend/services/user.js:69:5)\n    at updateUser (/Users/abresuedaozmen/FinalCase-newmind/backend/controllers/user.js:47:42)\n    at Layer.handle [as handle_request] (/Users/abresuedaozmen/FinalCase-newmind/backend/node_modules/express/lib/router/layer.js:95:5)\n    at next (/Users/abresuedaozmen/FinalCase-newmind/backend/node_modules/express/lib/router/route.js:149:13)\n    at Route.dispatch (/Users/abresuedaozmen/FinalCase-newmind/backend/node_modules/express/lib/router/route.js:119:3)\n    at Layer.handle [as handle_request] (/Users/abresuedaozmen/FinalCase-newmind/backend/node_modules/express/lib/router/layer.js:95:5)\n    at /Users/abresuedaozmen/FinalCase-newmind/backend/node_modules/express/lib/router/index.js:284:15\n    at Function.process_params (/Users/abresuedaozmen/FinalCase-newmind/backend/node_modules/express/lib/router/index.js:346:12)\n    at next (/Users/abresuedaozmen/FinalCase-newmind/backend/node_modules/express/lib/router/index.js:280:10)\n    at Function.handle (/Users/abresuedaozmen/FinalCase-newmind/backend/node_modules/express/lib/router/index.js:175:3)","timestamp":"2024-12-20T01:42:32.988Z"}
{"error":"res is not defined","level":"error","message":"Error updating user","requestBody":{"email":"yusuf@gmail.com","id":"","password":"yusuf"},"stack":"ReferenceError: res is not defined\n    at Object.updateUser (/Users/abresuedaozmen/FinalCase-newmind/backend/services/user.js:69:5)\n    at updateUser (/Users/abresuedaozmen/FinalCase-newmind/backend/controllers/user.js:47:42)\n    at Layer.handle [as handle_request] (/Users/abresuedaozmen/FinalCase-newmind/backend/node_modules/express/lib/router/layer.js:95:5)\n    at next (/Users/abresuedaozmen/FinalCase-newmind/backend/node_modules/express/lib/router/route.js:149:13)\n    at Route.dispatch (/Users/abresuedaozmen/FinalCase-newmind/backend/node_modules/express/lib/router/route.js:119:3)\n    at Layer.handle [as handle_request] (/Users/abresuedaozmen/FinalCase-newmind/backend/node_modules/express/lib/router/layer.js:95:5)\n    at /Users/abresuedaozmen/FinalCase-newmind/backend/node_modules/express/lib/router/index.js:284:15\n    at Function.process_params (/Users/abresuedaozmen/FinalCase-newmind/backend/node_modules/express/lib/router/index.js:346:12)\n    at next (/Users/abresuedaozmen/FinalCase-newmind/backend/node_modules/express/lib/router/index.js:280:10)\n    at Function.handle (/Users/abresuedaozmen/FinalCase-newmind/backend/node_modules/express/lib/router/index.js:175:3)","timestamp":"2024-12-20T01:52:55.668Z"}
{"error":"res is not defined","level":"error","message":"Error updating user","requestBody":{"email":"yusuf@gmail.com","id":"","password":"yusuf"},"stack":"ReferenceError: res is not defined\n    at Object.updateUser (/Users/abresuedaozmen/FinalCase-newmind/backend/services/user.js:69:5)\n    at updateUser (/Users/abresuedaozmen/FinalCase-newmind/backend/controllers/user.js:47:42)\n    at Layer.handle [as handle_request] (/Users/abresuedaozmen/FinalCase-newmind/backend/node_modules/express/lib/router/layer.js:95:5)\n    at next (/Users/abresuedaozmen/FinalCase-newmind/backend/node_modules/express/lib/router/route.js:149:13)\n    at Route.dispatch (/Users/abresuedaozmen/FinalCase-newmind/backend/node_modules/express/lib/router/route.js:119:3)\n    at Layer.handle [as handle_request] (/Users/abresuedaozmen/FinalCase-newmind/backend/node_modules/express/lib/router/layer.js:95:5)\n    at /Users/abresuedaozmen/FinalCase-newmind/backend/node_modules/express/lib/router/index.js:284:15\n    at Function.process_params (/Users/abresuedaozmen/FinalCase-newmind/backend/node_modules/express/lib/router/index.js:346:12)\n    at next (/Users/abresuedaozmen/FinalCase-newmind/backend/node_modules/express/lib/router/index.js:280:10)\n    at Function.handle (/Users/abresuedaozmen/FinalCase-newmind/backend/node_modules/express/lib/router/index.js:175:3)","timestamp":"2024-12-20T01:53:21.055Z"}
{"error":"Cast to ObjectId failed for value \"\" (type string) at path \"_id\" for model \"user\"","level":"error","message":"Error updating user","timestamp":"2024-12-20T01:56:38.850Z"}
{"error":"Cast to ObjectId failed for value \"\" (type string) at path \"_id\" for model \"user\"","level":"error","message":"Error updating user","timestamp":"2024-12-20T01:57:09.797Z"}
